23.11.2016 11:48:48	This log contains information about the import schema operation into project 'Database' on computer 'ASUS' by user 'User'.
23.11.2016 11:48:49	Import of database schema has started.
23.11.2016 11:49:34	Gathering database options
23.11.2016 11:49:34	Gathering users
23.11.2016 11:49:34	Gathering roles
23.11.2016 11:49:34	Gathering application roles
23.11.2016 11:49:34	Gathering role memberships
23.11.2016 11:49:34	Gathering filegroups
23.11.2016 11:49:34	Gathering full-text catalogs
23.11.2016 11:49:34	Gathering assemblies
23.11.2016 11:49:34	Gathering certificates
23.11.2016 11:49:34	Gathering asymmetric keys
23.11.2016 11:49:34	Gathering symmetric keys
23.11.2016 11:49:34	Gathering encrypted symmetric keys
23.11.2016 11:49:34	Gathering schemas
23.11.2016 11:49:38	Gathering XML schema collections
23.11.2016 11:49:38	Gathering user-defined data types
23.11.2016 11:49:38	Gathering user-defined types
23.11.2016 11:49:38	Gathering table types
23.11.2016 11:49:38	Gathering unique keys for table types
23.11.2016 11:49:38	Gathering primary keys for table types
23.11.2016 11:49:38	Gathering indexes for table types
23.11.2016 11:49:38	Gathering check constraints for table types
23.11.2016 11:49:38	Gathering default constraints for table types
23.11.2016 11:49:38	Gathering partition functions
23.11.2016 11:49:38	Gathering partition schemes
23.11.2016 11:49:38	Gathering functions
23.11.2016 11:49:38	Gathering encrypted functions
23.11.2016 11:49:38	Gathering aggregates
23.11.2016 11:49:38	Gathering procedures
23.11.2016 11:49:38	Gathering encrypted procedures
23.11.2016 11:49:38	Gathering tables
23.11.2016 11:49:38	Gathering primary keys
23.11.2016 11:49:38	Gathering unique constraints
23.11.2016 11:49:38	Gathering foreign keys
23.11.2016 11:49:38	Gathering default constraints
23.11.2016 11:49:38	Gathering check constraints
23.11.2016 11:49:38	Gathering views
23.11.2016 11:49:38	Gathering encrypted views
23.11.2016 11:49:39	Gathering indexes
23.11.2016 11:49:39	Gathering statistics
23.11.2016 11:49:39	Gathering full-text index stoplists
23.11.2016 11:49:39	Gathering search property lists
23.11.2016 11:49:39	Gathering search properties
23.11.2016 11:49:39	Gathering full-text indexes
23.11.2016 11:49:39	Gathering column store indexes
23.11.2016 11:49:39	Gathering spatial indexes
23.11.2016 11:49:39	Gathering XML indexes
23.11.2016 11:49:39	Gathering Selective XML indexes
23.11.2016 11:49:39	Gathering encrypted triggers
23.11.2016 11:49:39	Gathering triggers
23.11.2016 11:49:39	Gathering encrypted and clr ddl triggers
23.11.2016 11:49:39	Gathering ddl triggers
23.11.2016 11:49:39	Gathering synonyms
23.11.2016 11:49:39	Gathering defaults
23.11.2016 11:49:39	Gathering data constraint uddt bindings
23.11.2016 11:49:39	Gathering rules
23.11.2016 11:49:39	Gathering data constraint uddt bindings
23.11.2016 11:49:39	Gathering message types
23.11.2016 11:49:39	Gathering queues
23.11.2016 11:49:39	Gathering contracts
23.11.2016 11:49:39	Gathering services
23.11.2016 11:49:39	Gathering event notifications
23.11.2016 11:49:39	Gathering remote service bindings
23.11.2016 11:49:39	Gathering broker priorities
23.11.2016 11:49:39	Gathering signatures
23.11.2016 11:49:39	Gathering data compression options
23.11.2016 11:49:39	Gathering sequence types
23.11.2016 11:49:39	Gathering extended properties
23.11.2016 11:49:42	Gathering credentials
23.11.2016 11:49:42	Gathering logins
23.11.2016 11:49:42	Gathering server audits
23.11.2016 11:49:44	Scanning project for duplicate elements
23.11.2016 11:49:44	Finished duplicate element processing
23.11.2016 11:49:45	Finished importing database.
23.11.2016 11:49:45	A summary of the import was saved to the following location: D:\DropboxWorking\Dropbox\Project\repo\Softheme_Classrooms\SofthemeClassrooms\Database\Import Schema Logs\Database_20161123094848.log
23.11.2016 11:49:45	Click Finish to continue...
