23.11.2016 19:08:34	This log contains information about the import schema operation into project 'Database' on computer 'ASUS' by user 'User'.
23.11.2016 19:08:34	Import of database schema has started.
23.11.2016 19:08:44	Gathering database options
23.11.2016 19:08:44	Gathering users
23.11.2016 19:08:44	Gathering roles
23.11.2016 19:08:44	Gathering application roles
23.11.2016 19:08:44	Gathering role memberships
23.11.2016 19:08:44	Gathering filegroups
23.11.2016 19:08:44	Gathering full-text catalogs
23.11.2016 19:08:44	Gathering assemblies
23.11.2016 19:08:44	Gathering certificates
23.11.2016 19:08:44	Gathering asymmetric keys
23.11.2016 19:08:44	Gathering symmetric keys
23.11.2016 19:08:44	Gathering encrypted symmetric keys
23.11.2016 19:08:44	Gathering schemas
23.11.2016 19:08:45	Gathering XML schema collections
23.11.2016 19:08:45	Gathering user-defined data types
23.11.2016 19:08:45	Gathering user-defined types
23.11.2016 19:08:45	Gathering table types
23.11.2016 19:08:45	Gathering unique keys for table types
23.11.2016 19:08:45	Gathering primary keys for table types
23.11.2016 19:08:45	Gathering indexes for table types
23.11.2016 19:08:45	Gathering check constraints for table types
23.11.2016 19:08:45	Gathering default constraints for table types
23.11.2016 19:08:45	Gathering partition functions
23.11.2016 19:08:45	Gathering partition schemes
23.11.2016 19:08:45	Gathering functions
23.11.2016 19:08:45	Gathering encrypted functions
23.11.2016 19:08:45	Gathering aggregates
23.11.2016 19:08:45	Gathering procedures
23.11.2016 19:08:45	Gathering encrypted procedures
23.11.2016 19:08:45	Gathering tables
23.11.2016 19:08:45	Gathering primary keys
23.11.2016 19:08:45	Gathering unique constraints
23.11.2016 19:08:45	Gathering foreign keys
23.11.2016 19:08:45	Gathering default constraints
23.11.2016 19:08:45	Gathering check constraints
23.11.2016 19:08:45	Gathering views
23.11.2016 19:08:45	Gathering encrypted views
23.11.2016 19:08:45	Gathering indexes
23.11.2016 19:08:45	Gathering statistics
23.11.2016 19:08:45	Gathering full-text index stoplists
23.11.2016 19:08:45	Gathering search property lists
23.11.2016 19:08:45	Gathering search properties
23.11.2016 19:08:45	Gathering full-text indexes
23.11.2016 19:08:45	Gathering column store indexes
23.11.2016 19:08:45	Gathering spatial indexes
23.11.2016 19:08:45	Gathering XML indexes
23.11.2016 19:08:45	Gathering Selective XML indexes
23.11.2016 19:08:45	Gathering encrypted triggers
23.11.2016 19:08:45	Gathering triggers
23.11.2016 19:08:45	Gathering encrypted and clr ddl triggers
23.11.2016 19:08:45	Gathering ddl triggers
23.11.2016 19:08:45	Gathering synonyms
23.11.2016 19:08:45	Gathering defaults
23.11.2016 19:08:45	Gathering data constraint uddt bindings
23.11.2016 19:08:45	Gathering rules
23.11.2016 19:08:45	Gathering data constraint uddt bindings
23.11.2016 19:08:45	Gathering message types
23.11.2016 19:08:45	Gathering queues
23.11.2016 19:08:45	Gathering contracts
23.11.2016 19:08:45	Gathering services
23.11.2016 19:08:45	Gathering event notifications
23.11.2016 19:08:45	Gathering remote service bindings
23.11.2016 19:08:45	Gathering broker priorities
23.11.2016 19:08:45	Gathering signatures
23.11.2016 19:08:45	Gathering data compression options
23.11.2016 19:08:45	Gathering sequence types
23.11.2016 19:08:45	Gathering extended properties
23.11.2016 19:08:46	Gathering credentials
23.11.2016 19:08:46	Gathering logins
23.11.2016 19:08:46	Gathering server audits
23.11.2016 19:08:48	Scanning project for duplicate elements
23.11.2016 19:08:48	Finished duplicate element processing
23.11.2016 19:08:48	Finished importing database.
23.11.2016 19:08:48	A summary of the import was saved to the following location: D:\DropboxWorking\Dropbox\Project\repo\Softheme_Classrooms\SofthemeClassrooms\Database\Import Schema Logs\Database_20161123050834.log
23.11.2016 19:08:48	Click Finish to continue...
